<?xml version="1.0" encoding="UTF-8"?>
<!-- Generated by org.testng.reporters.JUnitReportReporter -->
<testsuite skipped="0" hostname="DESKTOP-FMJOP9D" name="Maven.LaunchChrome" tests="1" failures="0" timestamp="2021-02-19T17:22:40 CST" time="12.228" errors="0">
  <testcase name="testCase1" time="12.228" classname="Maven.LaunchChrome"/>
  <system-out/>
</testsuite> <!-- Maven.LaunchChrome -->
